<?xml version="1.0" encoding="UTF-8"?>
<testsuite name="Repository.TestUserRepository" tests="1" skipped="0" failures="0" errors="0" timestamp="2019-03-13T06:37:12" hostname="DESKTOP-O7DL3PI" time="1.052">
  <properties/>
  <testcase name="testUserRepository" classname="Repository.TestUserRepository" time="1.052"/>
  <system-out><![CDATA[]]></system-out>
  <system-err><![CDATA[]]></system-err>
</testsuite>
