<?xml version="1.0" encoding="UTF-8"?>
<testsuite name="Repository.TestTicketRepository" tests="1" skipped="0" failures="0" errors="0" timestamp="2019-03-13T06:37:11" hostname="DESKTOP-O7DL3PI" time="1.077">
  <properties/>
  <testcase name="testTicketRepository" classname="Repository.TestTicketRepository" time="1.077"/>
  <system-out><![CDATA[]]></system-out>
  <system-err><![CDATA[]]></system-err>
</testsuite>
